INFO:root:Driver setup started
INFO:WDM:====== WebDriver manager ======
INFO:WDM:Get LATEST chromedriver version for google-chrome
INFO:WDM:Get LATEST chromedriver version for google-chrome
INFO:WDM:There is no [linux64] chromedriver "116.0.5845.140" for browser google-chrome "116.0.5845.140" in cache
INFO:WDM:Get LATEST chromedriver version for google-chrome
INFO:WDM:WebDriver version 116.0.5845.96 selected
INFO:WDM:Modern chrome version https://edgedl.me.gvt1.com/edgedl/chrome/chrome-for-testing/116.0.5845.96/linux64/chromedriver-linux64.zip
INFO:WDM:About to download new driver from https://edgedl.me.gvt1.com/edgedl/chrome/chrome-for-testing/116.0.5845.96/linux64/chromedriver-linux64.zip
INFO:WDM:Driver downloading response is 200
INFO:WDM:Get LATEST chromedriver version for google-chrome
INFO:WDM:Driver has been saved in cache [/home/theodore/.wdm/drivers/chromedriver/linux64/116.0.5845.140]
INFO:root:Topic page collection initiated
INFO:root:Unfiltered page added with href: https://linustechtips.com/
INFO:root:Unfiltered page added with href: https://linustechtips.com/
INFO:root:Unfiltered page added with href: https://linustechtips.com/
INFO:root:Unfiltered page added with href: https://linustechtips.com/login/
INFO:root:Unfiltered page added with href: https://linustechtips.com/lostpassword/
INFO:root:Unfiltered page added with href: https://linustechtips.com/register/
INFO:root:Unfiltered page added with href: https://linustechtips.com
INFO:root:Unfiltered page added with href: https://linustechtips.com/topic/1381504-community-standards-updated/
INFO:root:Unfiltered page added with href: https://linustechtips.com/discover/
INFO:root:Unfiltered page added with href: https://linustechtips.com/discover/58/
INFO:root:Unfiltered page added with href: https://linustechtips.com/discover/466/
INFO:root:Unfiltered page added with href: https://linustechtips.com/blogs/
INFO:root:Unfiltered page added with href: https://linustechtips.com/gallery/
INFO:root:Unfiltered page added with href: https://linustechtips.com/events/
INFO:root:Unfiltered page added with href: https://linustechtips.com/files/
INFO:root:Unfiltered page added with href: https://linustechtips.com/online/
INFO:root:Unfiltered page added with href: https://linustechtips.com/staff/
INFO:root:Unfiltered page added with href: https://linustechtips.com/store/category/3-subscriptions/
INFO:root:Unfiltered page added with href: https://linustechtips.com/discover/466/
INFO:root:Unfiltered page added with href: https://linustechtips.com/
INFO:root:Unfiltered page added with href: https://linustechtips.com/discover/
INFO:root:Unfiltered page added with href: https://linustechtips.com/discover/?view=condensed&csrfKey=405beb004323998c94dd836bc2229d20
INFO:root:Unfiltered page added with href: https://linustechtips.com/discover/?view=expanded&csrfKey=405beb004323998c94dd836bc2229d20
INFO:root:Unfiltered page added with href: https://linustechtips.com/profile/1071005-kamranbites/
INFO:root:Unfiltered page added with href: https://linustechtips.com/topic/1530750-can-i-connect-subwoofer-to-my-amplifier/?do=findComment&comment=16131704
INFO:root:Unfiltered page added with href: https://linustechtips.com/profile/1071005-kamranbites/
INFO:root:Unfiltered page added with href: https://linustechtips.com/profile/1071005-kamranbites/
INFO:root:Unfiltered page added with href: https://linustechtips.com/forum/40-audio/
INFO:root:Unfiltered page added with href: https://linustechtips.com/topic/1530750-can-i-connect-subwoofer-to-my-amplifier/?do=findComment&comment=16131704
INFO:root:Unfiltered page added with href: https://linustechtips.com/topic/1530750-can-i-connect-subwoofer-to-my-amplifier/?do=findComment&comment=16131704
INFO:root:Unfiltered page added with href: https://linustechtips.com/profile/1108091-nashi_7/
INFO:root:Unfiltered page added with href: https://linustechtips.com/topic/1530769-is-the-rear-fan-necessary-when-using-a-top-mounted-aio-cooler/?do=findComment&comment=16131703
INFO:root:Unfiltered page added with href: https://linustechtips.com/profile/1108091-nashi_7/
INFO:root:Unfiltered page added with href: https://linustechtips.com/profile/1108091-nashi_7/
INFO:root:Unfiltered page added with href: https://linustechtips.com/forum/28-cooling/
INFO:root:Unfiltered page added with href: https://linustechtips.com/topic/1530769-is-the-rear-fan-necessary-when-using-a-top-mounted-aio-cooler/?do=findComment&comment=16131703
INFO:root:Unfiltered page added with href: https://linustechtips.com/topic/1530769-is-the-rear-fan-necessary-when-using-a-top-mounted-aio-cooler/?do=findComment&comment=16131703
INFO:root:Unfiltered page added with href: https://linustechtips.com/profile/606115-middcore/
INFO:root:Unfiltered page added with href: https://linustechtips.com/topic/1530691-wanted-to-build-a-pc-but-a-bit-confused-rn/?do=findComment&comment=16131702
INFO:root:Unfiltered page added with href: https://linustechtips.com/profile/606115-middcore/
INFO:root:Unfiltered page added with href: https://linustechtips.com/profile/1111669-shailesh-vats/
INFO:root:Unfiltered page added with href: https://linustechtips.com/forum/18-new-builds-and-planning/
INFO:root:Unfiltered page added with href: https://linustechtips.com/topic/1530691-wanted-to-build-a-pc-but-a-bit-confused-rn/?do=findComment&comment=16131702
INFO:root:Unfiltered page added with href: https://linustechtips.com/topic/1530691-wanted-to-build-a-pc-but-a-bit-confused-rn/?do=findComment&comment=16131702
INFO:root:Unfiltered page added with href: https://linustechtips.com/profile/313534-windows7ge/
INFO:root:Unfiltered page added with href: https://linustechtips.com/topic/1530766-windows-and-linux-not-detecting-right-amount-of-cpu-cores-on-cold-boot/?do=findComment&comment=16131701
INFO:root:Unfiltered page added with href: https://linustechtips.com/profile/313534-windows7ge/
INFO:root:Unfiltered page added with href: https://linustechtips.com/profile/571685-timedping/
INFO:root:Unfiltered page added with href: https://linustechtips.com/forum/46-troubleshooting/
INFO:root:Unfiltered page added with href: https://linustechtips.com/topic/1530766-windows-and-linux-not-detecting-right-amount-of-cpu-cores-on-cold-boot/?do=findComment&comment=16131701
INFO:root:Unfiltered page added with href: https://linustechtips.com/topic/1530766-windows-and-linux-not-detecting-right-amount-of-cpu-cores-on-cold-boot/?do=findComment&comment=16131701
INFO:root:Unfiltered page added with href: https://linustechtips.com/profile/645551-wassup/
INFO:root:Unfiltered page added with href: https://linustechtips.com/topic/1530771-ssd-not-being-found/?do=findComment&comment=16131700
INFO:root:Unfiltered page added with href: https://linustechtips.com/profile/645551-wassup/
INFO:root:Unfiltered page added with href: https://linustechtips.com/forum/38-storage-devices/
INFO:root:Unfiltered page added with href: https://linustechtips.com/topic/1530771-ssd-not-being-found/?do=findComment&comment=16131700
INFO:root:Unfiltered page added with href: https://linustechtips.com/tags/ssd/
INFO:root:Unfiltered page added with href: https://linustechtips.com/tags/bsod/
INFO:root:Unfiltered page added with href: https://linustechtips.com/profile/1061570-filpo/
INFO:root:Unfiltered page added with href: https://linustechtips.com/topic/1530691-wanted-to-build-a-pc-but-a-bit-confused-rn/?do=findComment&comment=16131699
INFO:root:Unfiltered page added with href: https://linustechtips.com/profile/1061570-filpo/
INFO:root:Unfiltered page added with href: https://linustechtips.com/profile/1111669-shailesh-vats/
INFO:root:Unfiltered page added with href: https://linustechtips.com/forum/18-new-builds-and-planning/
INFO:root:Unfiltered page added with href: https://linustechtips.com/topic/1530691-wanted-to-build-a-pc-but-a-bit-confused-rn/?do=findComment&comment=16131699
INFO:root:Unfiltered page added with href: https://linustechtips.com/topic/1530691-wanted-to-build-a-pc-but-a-bit-confused-rn/?do=findComment&comment=16131699
INFO:root:Unfiltered page added with href: https://linustechtips.com/profile/1111863-rochief96/
INFO:root:Unfiltered page added with href: https://linustechtips.com/profile/1111863-rochief96/
INFO:root:Unfiltered page added with href: https://linustechtips.com/profile/606115-middcore/
INFO:root:Unfiltered page added with href: https://linustechtips.com/topic/1530691-wanted-to-build-a-pc-but-a-bit-confused-rn/?do=findComment&comment=16131698
INFO:root:Unfiltered page added with href: https://linustechtips.com/profile/606115-middcore/
INFO:root:Unfiltered page added with href: https://linustechtips.com/profile/1111669-shailesh-vats/
INFO:root:Unfiltered page added with href: https://linustechtips.com/forum/18-new-builds-and-planning/
INFO:root:Unfiltered page added with href: https://linustechtips.com/topic/1530691-wanted-to-build-a-pc-but-a-bit-confused-rn/?do=findComment&comment=16131698
INFO:root:Unfiltered page added with href: https://linustechtips.com/topic/1530691-wanted-to-build-a-pc-but-a-bit-confused-rn/?do=findComment&comment=16131698
INFO:root:Unfiltered page added with href: https://linustechtips.com/topic/1530691-wanted-to-build-a-pc-but-a-bit-confused-rn/?do=showReactionsComment&comment=16131698&reaction=2
INFO:root:Unfiltered page added with href: https://linustechtips.com/profile/1103334-dannyboi1/
INFO:root:Unfiltered page added with href: https://linustechtips.com/topic/1529853-help-freezing-on-new-custom-pc/?do=findComment&comment=16131697
INFO:root:Unfiltered page added with href: https://linustechtips.com/profile/1103334-dannyboi1/
INFO:root:Unfiltered page added with href: https://linustechtips.com/profile/1103334-dannyboi1/
INFO:root:Unfiltered page added with href: https://linustechtips.com/forum/46-troubleshooting/
INFO:root:Unfiltered page added with href: https://linustechtips.com/topic/1529853-help-freezing-on-new-custom-pc/?do=findComment&comment=16131697
INFO:root:Unfiltered page added with href: https://linustechtips.com/topic/1529853-help-freezing-on-new-custom-pc/?do=findComment&comment=16131697
INFO:root:Unfiltered page added with href: https://linustechtips.com/tags/freezing/
INFO:root:Unfiltered page added with href: https://linustechtips.com/tags/help/
INFO:root:Unfiltered page added with href: https://linustechtips.com/profile/1111862-internalerror/
INFO:root:Unfiltered page added with href: https://linustechtips.com/profile/1111862-internalerror/
INFO:root:Unfiltered page added with href: https://linustechtips.com/profile/391279-geraltthegwynbleidd/
INFO:root:Unfiltered page added with href: https://linustechtips.com/topic/1530768-gpu-that-will-not-bottleneck-r5-3600/?do=findComment&comment=16131696
INFO:root:Unfiltered page added with href: https://linustechtips.com/profile/391279-geraltthegwynbleidd/
INFO:root:Unfiltered page added with href: https://linustechtips.com/profile/391279-geraltthegwynbleidd/
INFO:root:Unfiltered page added with href: https://linustechtips.com/forum/16-graphics-cards/
INFO:root:Unfiltered page added with href: https://linustechtips.com/topic/1530768-gpu-that-will-not-bottleneck-r5-3600/?do=findComment&comment=16131696
INFO:root:Unfiltered page added with href: https://linustechtips.com/topic/1530768-gpu-that-will-not-bottleneck-r5-3600/?do=findComment&comment=16131696
INFO:root:Unfiltered page added with href: https://linustechtips.com/profile/795286-youngblade/
INFO:root:Unfiltered page added with href: https://linustechtips.com/topic/1530763-i-have-to-clear-cmos-from-time-to-time-in-order-to-start-pc-thoughts-what-it-can-be/?do=findComment&comment=16131695
INFO:root:Unfiltered page added with href: https://linustechtips.com/profile/795286-youngblade/
INFO:root:Unfiltered page added with href: https://linustechtips.com/profile/711401-adrian007/
INFO:root:Unfiltered page added with href: https://linustechtips.com/forum/5-cpus-motherboards-and-memory/
INFO:root:Unfiltered page added with href: https://linustechtips.com/topic/1530763-i-have-to-clear-cmos-from-time-to-time-in-order-to-start-pc-thoughts-what-it-can-be/?do=findComment&comment=16131695
INFO:root:Unfiltered page added with href: https://linustechtips.com/topic/1530763-i-have-to-clear-cmos-from-time-to-time-in-order-to-start-pc-thoughts-what-it-can-be/?do=findComment&comment=16131695
INFO:root:Unfiltered page added with href: https://linustechtips.com/profile/606115-middcore/
INFO:root:Unfiltered page added with href: https://linustechtips.com/topic/1530694-help-i-just-brought-new-gpurx5700xt-and-it-not-displaying/?do=findComment&comment=16131694
INFO:root:Unfiltered page added with href: https://linustechtips.com/profile/606115-middcore/
INFO:root:Unfiltered page added with href: https://linustechtips.com/profile/1111798-ssgear8/
INFO:root:Unfiltered page added with href: https://linustechtips.com/forum/46-troubleshooting/
INFO:root:Unfiltered page added with href: https://linustechtips.com/topic/1530694-help-i-just-brought-new-gpurx5700xt-and-it-not-displaying/?do=findComment&comment=16131694
INFO:root:Unfiltered page added with href: https://linustechtips.com/topic/1530694-help-i-just-brought-new-gpurx5700xt-and-it-not-displaying/?do=findComment&comment=16131694
INFO:root:Unfiltered page added with href: https://linustechtips.com/tags/gpu/
INFO:root:Unfiltered page added with href: https://linustechtips.com/tags/display/
INFO:root:Unfiltered page added with href: https://linustechtips.com/tags/gpu/
INFO:root:Unfiltered page added with href: https://linustechtips.com/tags/display/
INFO:root:Unfiltered page added with href: https://linustechtips.com/tags/rx5700xt/
INFO:root:Unfiltered page added with href: https://linustechtips.com/tags/mobo/
INFO:root:Unfiltered page added with href: https://linustechtips.com/tags/bios/
INFO:root:Unfiltered page added with href: https://linustechtips.com/tags/stressed/
INFO:root:Unfiltered page added with href: https://linustechtips.com/profile/662063-ikeagnome/
INFO:root:Unfiltered page added with href: https://linustechtips.com/topic/1530759-starfield-tweaker-10-released/?do=findComment&comment=16131693
INFO:root:Unfiltered page added with href: https://linustechtips.com/profile/662063-ikeagnome/
INFO:root:Unfiltered page added with href: https://linustechtips.com/profile/588744-rejzor/
INFO:root:Unfiltered page added with href: https://linustechtips.com/forum/11-pc-gaming/
INFO:root:Unfiltered page added with href: https://linustechtips.com/topic/1530759-starfield-tweaker-10-released/?do=findComment&comment=16131693
INFO:root:Unfiltered page added with href: https://linustechtips.com/topic/1530759-starfield-tweaker-10-released/?do=findComment&comment=16131693
INFO:root:Unfiltered page added with href: https://linustechtips.com/tags/starfield/
INFO:root:Unfiltered page added with href: https://linustechtips.com/tags/tweaks/
INFO:root:Unfiltered page added with href: https://linustechtips.com/tags/starfield/
INFO:root:Unfiltered page added with href: https://linustechtips.com/tags/tweaks/
INFO:root:Unfiltered page added with href: https://linustechtips.com/tags/hidden%20settings/
INFO:root:Unfiltered page added with href: https://linustechtips.com/tags/game/
INFO:root:Unfiltered page added with href: https://linustechtips.com/tags/tweaker/
INFO:root:Unfiltered page added with href: https://linustechtips.com/profile/1111852-necessarybody/
INFO:root:Unfiltered page added with href: https://linustechtips.com/topic/1530770-new-build-bluescreens-when-trying-to-run-any-windows-products-boot-drive-old-windows-ssd-and-media-creation-tool/?do=findComment&comment=16131692
INFO:root:Unfiltered page added with href: https://linustechtips.com/profile/1111852-necessarybody/
INFO:root:Unfiltered page added with href: https://linustechtips.com/forum/46-troubleshooting/
INFO:root:Unfiltered page added with href: https://linustechtips.com/topic/1530770-new-build-bluescreens-when-trying-to-run-any-windows-products-boot-drive-old-windows-ssd-and-media-creation-tool/?do=findComment&comment=16131692
INFO:root:Unfiltered page added with href: https://linustechtips.com/profile/1111798-ssgear8/
INFO:root:Unfiltered page added with href: https://linustechtips.com/topic/1530694-help-i-just-brought-new-gpurx5700xt-and-it-not-displaying/?do=findComment&comment=16131691
INFO:root:Unfiltered page added with href: https://linustechtips.com/profile/1111798-ssgear8/
INFO:root:Unfiltered page added with href: https://linustechtips.com/profile/1111798-ssgear8/
INFO:root:Unfiltered page added with href: https://linustechtips.com/forum/46-troubleshooting/
INFO:root:Unfiltered page added with href: https://linustechtips.com/topic/1530694-help-i-just-brought-new-gpurx5700xt-and-it-not-displaying/?do=findComment&comment=16131691
INFO:root:Unfiltered page added with href: https://linustechtips.com/topic/1530694-help-i-just-brought-new-gpurx5700xt-and-it-not-displaying/?do=findComment&comment=16131691
INFO:root:Unfiltered page added with href: https://linustechtips.com/tags/gpu/
INFO:root:Unfiltered page added with href: https://linustechtips.com/tags/display/
INFO:root:Unfiltered page added with href: https://linustechtips.com/tags/gpu/
INFO:root:Unfiltered page added with href: https://linustechtips.com/tags/display/
INFO:root:Unfiltered page added with href: https://linustechtips.com/tags/rx5700xt/
INFO:root:Unfiltered page added with href: https://linustechtips.com/tags/mobo/
INFO:root:Unfiltered page added with href: https://linustechtips.com/tags/bios/
INFO:root:Unfiltered page added with href: https://linustechtips.com/tags/stressed/
INFO:root:Unfiltered page added with href: https://linustechtips.com/profile/300779-joey117/
INFO:root:Unfiltered page added with href: https://linustechtips.com/topic/1530715-msi-suprim-4090-chequers-on-screen/?do=findComment&comment=16131690
INFO:root:Unfiltered page added with href: https://linustechtips.com/profile/300779-joey117/
INFO:root:Unfiltered page added with href: https://linustechtips.com/profile/300779-joey117/
INFO:root:Unfiltered page added with href: https://linustechtips.com/forum/46-troubleshooting/
INFO:root:Unfiltered page added with href: https://linustechtips.com/topic/1530715-msi-suprim-4090-chequers-on-screen/?do=findComment&comment=16131690
INFO:root:Unfiltered page added with href: https://linustechtips.com/topic/1530715-msi-suprim-4090-chequers-on-screen/?do=findComment&comment=16131690
INFO:root:Unfiltered page added with href: https://linustechtips.com/profile/795286-youngblade/
INFO:root:Unfiltered page added with href: https://linustechtips.com/topic/1530768-gpu-that-will-not-bottleneck-r5-3600/?do=findComment&comment=16131689
INFO:root:Unfiltered page added with href: https://linustechtips.com/profile/795286-youngblade/
INFO:root:Unfiltered page added with href: https://linustechtips.com/profile/391279-geraltthegwynbleidd/
INFO:root:Unfiltered page added with href: https://linustechtips.com/forum/16-graphics-cards/
INFO:root:Unfiltered page added with href: https://linustechtips.com/topic/1530768-gpu-that-will-not-bottleneck-r5-3600/?do=findComment&comment=16131689
INFO:root:Unfiltered page added with href: https://linustechtips.com/topic/1530768-gpu-that-will-not-bottleneck-r5-3600/?do=findComment&comment=16131689
INFO:root:Unfiltered page added with href: https://linustechtips.com/profile/1077600-orpheus_/
INFO:root:Unfiltered page added with href: https://linustechtips.com/topic/1530753-rtx-4090-suprim-x-fan-1-rattling-sound-faulty-unit/?do=findComment&comment=16131688
INFO:root:Unfiltered page added with href: https://linustechtips.com/profile/1077600-orpheus_/
INFO:root:Unfiltered page added with href: https://linustechtips.com/profile/1077600-orpheus_/
INFO:root:Unfiltered page added with href: https://linustechtips.com/forum/16-graphics-cards/
INFO:root:Unfiltered page added with href: https://linustechtips.com/topic/1530753-rtx-4090-suprim-x-fan-1-rattling-sound-faulty-unit/?do=findComment&comment=16131688
INFO:root:Unfiltered page added with href: https://linustechtips.com/topic/1530753-rtx-4090-suprim-x-fan-1-rattling-sound-faulty-unit/?do=findComment&comment=16131688
INFO:root:Unfiltered page added with href: https://linustechtips.com/tags/4090/
INFO:root:Unfiltered page added with href: https://linustechtips.com/tags/suprim/
INFO:root:Unfiltered page added with href: https://linustechtips.com/tags/4090/
INFO:root:Unfiltered page added with href: https://linustechtips.com/tags/suprim/
INFO:root:Unfiltered page added with href: https://linustechtips.com/tags/msi/
INFO:root:Unfiltered page added with href: https://linustechtips.com/tags/fans/
INFO:root:Unfiltered page added with href: https://linustechtips.com/tags/rattling%20fan/
INFO:root:Unfiltered page added with href: https://linustechtips.com/tags/fan%20problem%3F/
INFO:root:Unfiltered page added with href: https://linustechtips.com/profile/571685-timedping/
INFO:root:Unfiltered page added with href: https://linustechtips.com/topic/1530766-windows-and-linux-not-detecting-right-amount-of-cpu-cores-on-cold-boot/?do=findComment&comment=16131687
INFO:root:Unfiltered page added with href: https://linustechtips.com/profile/571685-timedping/
INFO:root:Unfiltered page added with href: https://linustechtips.com/profile/571685-timedping/
INFO:root:Unfiltered page added with href: https://linustechtips.com/forum/46-troubleshooting/
INFO:root:Unfiltered page added with href: https://linustechtips.com/topic/1530766-windows-and-linux-not-detecting-right-amount-of-cpu-cores-on-cold-boot/?do=findComment&comment=16131687
INFO:root:Unfiltered page added with href: https://linustechtips.com/topic/1530766-windows-and-linux-not-detecting-right-amount-of-cpu-cores-on-cold-boot/?do=findComment&comment=16131687
INFO:root:Unfiltered page added with href: https://linustechtips.com/profile/1061570-filpo/
INFO:root:Unfiltered page added with href: https://linustechtips.com/topic/1530769-is-the-rear-fan-necessary-when-using-a-top-mounted-aio-cooler/?do=findComment&comment=16131686
INFO:root:Unfiltered page added with href: https://linustechtips.com/profile/1061570-filpo/
INFO:root:Unfiltered page added with href: https://linustechtips.com/profile/1108091-nashi_7/
INFO:root:Unfiltered page added with href: https://linustechtips.com/forum/28-cooling/
INFO:root:Unfiltered page added with href: https://linustechtips.com/topic/1530769-is-the-rear-fan-necessary-when-using-a-top-mounted-aio-cooler/?do=findComment&comment=16131686
INFO:root:Unfiltered page added with href: https://linustechtips.com/topic/1530769-is-the-rear-fan-necessary-when-using-a-top-mounted-aio-cooler/?do=findComment&comment=16131686
INFO:root:Unfiltered page added with href: https://linustechtips.com/topic/1530769-is-the-rear-fan-necessary-when-using-a-top-mounted-aio-cooler/?do=showReactionsComment&comment=16131686&reaction=4
INFO:root:Unfiltered page added with href: https://linustechtips.com/profile/606115-middcore/
INFO:root:Unfiltered page added with href: https://linustechtips.com/topic/1530694-help-i-just-brought-new-gpurx5700xt-and-it-not-displaying/?do=findComment&comment=16131685
INFO:root:Unfiltered page added with href: https://linustechtips.com/profile/606115-middcore/
INFO:root:Unfiltered page added with href: https://linustechtips.com/profile/1111798-ssgear8/
INFO:root:Unfiltered page added with href: https://linustechtips.com/forum/46-troubleshooting/
INFO:root:Unfiltered page added with href: https://linustechtips.com/topic/1530694-help-i-just-brought-new-gpurx5700xt-and-it-not-displaying/?do=findComment&comment=16131685
INFO:root:Unfiltered page added with href: https://linustechtips.com/topic/1530694-help-i-just-brought-new-gpurx5700xt-and-it-not-displaying/?do=findComment&comment=16131685
INFO:root:Unfiltered page added with href: https://linustechtips.com/tags/gpu/
INFO:root:Unfiltered page added with href: https://linustechtips.com/tags/display/
INFO:root:Unfiltered page added with href: https://linustechtips.com/tags/gpu/
INFO:root:Unfiltered page added with href: https://linustechtips.com/tags/display/
INFO:root:Unfiltered page added with href: https://linustechtips.com/tags/rx5700xt/
INFO:root:Unfiltered page added with href: https://linustechtips.com/tags/mobo/
INFO:root:Unfiltered page added with href: https://linustechtips.com/tags/bios/
INFO:root:Unfiltered page added with href: https://linustechtips.com/tags/stressed/
INFO:root:Unfiltered page added with href: https://linustechtips.com/profile/773473-8tg/
INFO:root:Unfiltered page added with href: https://linustechtips.com/profile/773473-8tg/
INFO:root:Unfiltered page added with href: https://linustechtips.com/status/338059/
INFO:root:Unfiltered page added with href: https://linustechtips.com/profile/1061570-filpo/
INFO:root:Unfiltered page added with href: https://linustechtips.com/topic/1530768-gpu-that-will-not-bottleneck-r5-3600/?do=findComment&comment=16131684
INFO:root:Unfiltered page added with href: https://linustechtips.com/profile/1061570-filpo/
INFO:root:Unfiltered page added with href: https://linustechtips.com/profile/391279-geraltthegwynbleidd/
INFO:root:Unfiltered page added with href: https://linustechtips.com/forum/16-graphics-cards/
INFO:root:Unfiltered page added with href: https://linustechtips.com/topic/1530768-gpu-that-will-not-bottleneck-r5-3600/?do=findComment&comment=16131684
INFO:root:Unfiltered page added with href: https://linustechtips.com/topic/1530768-gpu-that-will-not-bottleneck-r5-3600/?do=findComment&comment=16131684
INFO:root:Unfiltered page added with href: https://linustechtips.com/profile/1023950-pitermcflebor/
INFO:root:Unfiltered page added with href: https://linustechtips.com/tags/help/
INFO:root:Unfiltered page added with href: https://linustechtips.com/topic/1530765-something-weird-with-my-new-gpu/?do=findComment&comment=16131683
INFO:root:Unfiltered page added with href: https://linustechtips.com/profile/1023950-pitermcflebor/
INFO:root:Unfiltered page added with href: https://linustechtips.com/profile/1023950-pitermcflebor/
INFO:root:Unfiltered page added with href: https://linustechtips.com/forum/16-graphics-cards/
INFO:root:Unfiltered page added with href: https://linustechtips.com/topic/1530765-something-weird-with-my-new-gpu/?do=findComment&comment=16131683
INFO:root:Unfiltered page added with href: https://linustechtips.com/topic/1530765-something-weird-with-my-new-gpu/?do=findComment&comment=16131683
INFO:root:Unfiltered page added with href: https://linustechtips.com/profile/851-191x7/
INFO:root:Unfiltered page added with href: https://linustechtips.com/tags/help/
INFO:root:Unfiltered page added with href: https://linustechtips.com/topic/1530765-something-weird-with-my-new-gpu/?do=findComment&comment=16131682
INFO:root:Unfiltered page added with href: https://linustechtips.com/profile/851-191x7/
INFO:root:Unfiltered page added with href: https://linustechtips.com/profile/1023950-pitermcflebor/
INFO:root:Unfiltered page added with href: https://linustechtips.com/forum/16-graphics-cards/
INFO:root:Unfiltered page added with href: https://linustechtips.com/topic/1530765-something-weird-with-my-new-gpu/?do=findComment&comment=16131682
INFO:root:Unfiltered page added with href: https://linustechtips.com/topic/1530765-something-weird-with-my-new-gpu/?do=findComment&comment=16131682
INFO:root:Unfiltered page added with href: https://linustechtips.com/profile/397048-ronothan/
INFO:root:Unfiltered page added with href: https://linustechtips.com/topic/1530766-windows-and-linux-not-detecting-right-amount-of-cpu-cores-on-cold-boot/?do=findComment&comment=16131681
INFO:root:Unfiltered page added with href: https://linustechtips.com/profile/397048-ronothan/
INFO:root:Unfiltered page added with href: https://linustechtips.com/profile/571685-timedping/
INFO:root:Unfiltered page added with href: https://linustechtips.com/forum/46-troubleshooting/
INFO:root:Unfiltered page added with href: https://linustechtips.com/topic/1530766-windows-and-linux-not-detecting-right-amount-of-cpu-cores-on-cold-boot/?do=findComment&comment=16131681
INFO:root:Unfiltered page added with href: https://linustechtips.com/topic/1530766-windows-and-linux-not-detecting-right-amount-of-cpu-cores-on-cold-boot/?do=findComment&comment=16131681
INFO:root:Unfiltered page added with href: https://linustechtips.com/discover/all.xml/
INFO:root:Unfiltered page added with href: https://linustechtips.com/discover/466/
INFO:root:Unfiltered page added with href: https://linustechtips.com/
INFO:root:Unfiltered page added with href: https://linustechtips.com/discover/
INFO:root:Unfiltered page added with href: https://linustechtips.com/privacy/
INFO:root:Unfiltered page added with href: https://linustechtips.com/terms/
INFO:root:Unfiltered page added with href: https://linustechtips.com/contact/
INFO:root:Unfiltered page added with href: https://linustechtips.com/cookies/
INFO:root:Unfiltered page added with href: https://www.invisioncommunity.com/
INFO:root:Unfiltered page added with href: https://linustechtips.com/register/
INFO:root:Unfiltered page added with href: https://linustechtips.com/login/
INFO:root:Unfiltered page added with href: https://linustechtips.com/discover/466/
INFO:root:Unfiltered page added with href: https://linustechtips.com/search/
INFO:root:Unfiltered page added with href: https://linustechtips.com
INFO:root:Unfiltered page added with href: https://linustechtips.com/topic/1381504-community-standards-updated/
INFO:root:Unfiltered page added with href: https://linustechtips.com/discover/
INFO:root:Unfiltered page added with href: https://linustechtips.com/discover/58/
INFO:root:Unfiltered page added with href: https://linustechtips.com/discover/466/
INFO:root:Unfiltered page added with href: https://linustechtips.com/blogs/
INFO:root:Unfiltered page added with href: https://linustechtips.com/gallery/
INFO:root:Unfiltered page added with href: https://linustechtips.com/events/
INFO:root:Unfiltered page added with href: https://linustechtips.com/files/
INFO:root:Unfiltered page added with href: https://linustechtips.com/online/
INFO:root:Unfiltered page added with href: https://linustechtips.com/staff/
INFO:root:Unfiltered page added with href: https://linustechtips.com/store/category/3-subscriptions/
INFO:root:href and topic ID being filtered
INFO:root:Initial Dataframe formed
INFO:root:Connecting to page: https://linustechtips.com/topic/1530691-wanted-to-build-a-pc-but-a-bit-confused-rn/
INFO:root:Connecting to page: https://linustechtips.com/topic/1530763-i-have-to-clear-cmos-from-time-to-time-in-order-to-start-pc-thoughts-what-it-can-be/
INFO:root:Connecting to page: https://linustechtips.com/topic/1530768-gpu-that-will-not-bottleneck-r5-3600/
INFO:root:Connecting to page: https://linustechtips.com/topic/1530753-rtx-4090-suprim-x-fan-1-rattling-sound-faulty-unit/
INFO:root:Connecting to page: https://linustechtips.com/topic/1530771-ssd-not-being-found/
INFO:root:Connecting to page: https://linustechtips.com/topic/1530769-is-the-rear-fan-necessary-when-using-a-top-mounted-aio-cooler/
INFO:root:Connecting to page: https://linustechtips.com/topic/1530770-new-build-bluescreens-when-trying-to-run-any-windows-products-boot-drive-old-windows-ssd-and-media-creation-tool/
INFO:root:Connecting to page: https://linustechtips.com/topic/1530765-something-weird-with-my-new-gpu/
INFO:root:Connecting to page: https://linustechtips.com/topic/1530766-windows-and-linux-not-detecting-right-amount-of-cpu-cores-on-cold-boot/
INFO:root:Connecting to page: https://linustechtips.com/topic/1530715-msi-suprim-4090-chequers-on-screen/
INFO:root:Connecting to page: https://linustechtips.com/topic/1529853-help-freezing-on-new-custom-pc/
INFO:root:Connecting to page: https://linustechtips.com/topic/1530750-can-i-connect-subwoofer-to-my-amplifier/
INFO:root:Connecting to page: https://linustechtips.com/topic/1530694-help-i-just-brought-new-gpurx5700xt-and-it-not-displaying/
INFO:root:Connecting to page: https://linustechtips.com/topic/1381504-community-standards-updated/
INFO:root:Connecting to page: https://linustechtips.com/topic/1530759-starfield-tweaker-10-released/
INFO:root:Title names being added to the Dataframe
INFO:root:Comment content found for: 1530691
INFO:root:Comment content found for: 1530763
INFO:root:Comment content found for: 1530768
INFO:root:Comment content found for: 1530753
INFO:root:Comment content found for: 1530771
INFO:root:Comment content found for: 1530769
INFO:root:Comment content found for: 1530770
INFO:root:Comment content found for: 1530765
INFO:root:Comment content found for: 1530766
INFO:root:Comment content found for: 1530715
INFO:root:Comment content found for: 1529853
INFO:root:Comment content found for: 1530750
INFO:root:Comment content found for: 1530694
INFO:root:Comment content found for: 1381504
INFO:root:Comment content found for: 1530759
ERROR:root:['Program_end']
